<?xml version="1.0" encoding="UTF-8"?>
<!-- Generated by org.testng.reporters.JUnitReportReporter -->
<testsuite hostname="LAPTOP-UHI05J3T" failures="0" tests="5" name="testCases.TC003_LoginDDT" time="36.758" errors="0" timestamp="2024-05-25T18:34:25 IST" skipped="0">
  <testcase classname="testCases.TC003_LoginDDT" name="verify_LoginDDT" time="5.347"/>
  <testcase classname="testCases.TC003_LoginDDT" name="verify_LoginDDT" time="14.716"/>
  <testcase classname="testCases.TC003_LoginDDT" name="verify_LoginDDT" time="5.322"/>
  <testcase classname="testCases.TC003_LoginDDT" name="verify_LoginDDT" time="5.570"/>
  <testcase classname="testCases.TC003_LoginDDT" name="verify_LoginDDT" time="5.803"/>
</testsuite> <!-- testCases.TC003_LoginDDT -->
