<?xml version="1.0" encoding="UTF-8"?>
<!-- Generated by org.testng.reporters.JUnitReportReporter -->
<testsuite hostname="LAPTOP-UHI05J3T" failures="0" tests="1" name="testCases.TC001_AccountRegistrationTest" time="4.603" errors="0" timestamp="2024-05-28T17:21:02 IST" skipped="0">
  <testcase classname="testCases.TC001_AccountRegistrationTest" name="verify_account_registration" time="4.603"/>
</testsuite> <!-- testCases.TC001_AccountRegistrationTest -->
