<?xml version="1.0" encoding="UTF-8"?>
<!-- Generated by org.testng.reporters.JUnitReportReporter -->
<testsuite hostname="LAPTOP-UHI05J3T" failures="0" tests="1" name="testCases.TC002_LoginTest" time="2.129" errors="0" timestamp="2024-05-28T17:21:02 IST" skipped="0">
  <testcase classname="testCases.TC002_LoginTest" name="verify_login" time="2.129"/>
</testsuite> <!-- testCases.TC002_LoginTest -->
